# JRE version: OpenJDK Runtime Environment Temurin-17.0.11+9 (17.0.11+9) (build 17.0.11+9)
# Java VM: OpenJDK 64-Bit Server VM Temurin-17.0.11+9 (17.0.11+9, mixed mode, tiered, compressed oops, compressed class ptrs, parallel gc, bsd-amd64)
GC Precious Log:
 CPUs: 8 total, 8 available
 Memory: 8192M
 Large Page Support: Disabled
 NUMA Support: Disabled
 Compressed Oops: Enabled (Zero based)
 Alignments: Space 512K, Generation 512K, Heap 2M
 Heap Min Capacity: 100M
 Heap Initial Capacity: 100M
 Heap Max Capacity: 1G
 Pre-touch: Disabled
 Parallel Workers: 8
Heap:
 PSYoungGen      total 27136K, used 26943K [0x00000007eab00000, 0x00000007ecc80000, 0x0000000800000000)
  eden space 19968K, 100% used [0x00000007eab00000,0x00000007ebe80000,0x00000007ebe80000)
  from space 7168K, 97% used [0x00000007ec580000,0x00000007ecc4fca8,0x00000007ecc80000)
  to   space 7168K, 95% used [0x00000007ebe80000,0x00000007ec533c98,0x00000007ec580000)
 ParOldGen       total 239616K, used 167800K [0x00000007c0000000, 0x00000007cea00000, 0x00000007eab00000)
  object space 239616K, 70% used [0x00000007c0000000,0x00000007ca3de068,0x00000007cea00000)
 Metaspace       used 93902K, committed 95040K, reserved 1179648K
  class space    used 10518K, committed 11008K, reserved 1048576K
GC Heap History (20 events):
Event: 13895.750 GC heap after
{Heap after GC invocations=3698 (full 79):
 PSYoungGen      total 26624K, used 4090K [0x00000007eab00000, 0x00000007ece00000, 0x0000000800000000)
  eden space 22528K, 0% used [0x00000007eab00000,0x00000007eab00000,0x00000007ec100000)
  from space 4096K, 99% used [0x00000007ec100000,0x00000007ec4fe840,0x00000007ec500000)
  to   space 6656K, 0% used [0x00000007ec780000,0x00000007ec780000,0x00000007ece00000)
 ParOldGen       total 239616K, used 165467K [0x00000007c0000000, 0x00000007cea00000, 0x00000007eab00000)
  object space 239616K, 69% used [0x00000007c0000000,0x00000007ca196dc8,0x00000007cea00000)
 Metaspace       used 93902K, committed 95040K, reserved 1179648K
  class space    used 10518K, committed 11008K, reserved 1048576K
}
Event: 13895.892 GC heap before
{Heap before GC invocations=3699 (full 79):
 PSYoungGen      total 26624K, used 26618K [0x00000007eab00000, 0x00000007ece00000, 0x0000000800000000)
  eden space 22528K, 100% used [0x00000007eab00000,0x00000007ec100000,0x00000007ec100000)
  from space 4096K, 99% used [0x00000007ec100000,0x00000007ec4fe840,0x00000007ec500000)
  to   space 6656K, 0% used [0x00000007ec780000,0x00000007ec780000,0x00000007ece00000)
 ParOldGen       total 239616K, used 165467K [0x00000007c0000000, 0x00000007cea00000, 0x00000007eab00000)
  object space 239616K, 69% used [0x00000007c0000000,0x00000007ca196dc8,0x00000007cea00000)
 Metaspace       used 93902K, committed 95040K, reserved 1179648K
  class space    used 10518K, committed 11008K, reserved 1048576K
}
Event: 13895.905 GC heap after
{Heap after GC invocations=3699 (full 79):
 PSYoungGen      total 26624K, used 6650K [0x00000007eab00000, 0x00000007ed300000, 0x0000000800000000)
  eden space 19968K, 0% used [0x00000007eab00000,0x00000007eab00000,0x00000007ebe80000)
  from space 6656K, 99% used [0x00000007ec780000,0x00000007ecdfe8a8,0x00000007ece00000)
  to   space 9216K, 0% used [0x00000007ebe80000,0x00000007ebe80000,0x00000007ec780000)
 ParOldGen       total 239616K, used 167383K [0x00000007c0000000, 0x00000007cea00000, 0x00000007eab00000)
  object space 239616K, 69% used [0x00000007c0000000,0x00000007ca375f78,0x00000007cea00000)
 Metaspace       used 93902K, committed 95040K, reserved 1179648K
  class space    used 10518K, committed 11008K, reserved 1048576K
}
Event: 13895.964 GC heap before
{Heap before GC invocations=3700 (full 79):
 PSYoungGen      total 26624K, used 26618K [0x00000007eab00000, 0x00000007ed300000, 0x0000000800000000)
  eden space 19968K, 100% used [0x00000007eab00000,0x00000007ebe80000,0x00000007ebe80000)
  from space 6656K, 99% used [0x00000007ec780000,0x00000007ecdfe8a8,0x00000007ece00000)
  to   space 9216K, 0% used [0x00000007ebe80000,0x00000007ebe80000,0x00000007ec780000)
 ParOldGen       total 239616K, used 167383K [0x00000007c0000000, 0x00000007cea00000, 0x00000007eab00000)
  object space 239616K, 69% used [0x00000007c0000000,0x00000007ca375f78,0x00000007cea00000)
 Metaspace       used 93902K, committed 95040K, reserved 1179648K
  class space    used 10518K, committed 11008K, reserved 1048576K
}
Event: 13895.971 GC heap after
{Heap after GC invocations=3700 (full 79):
 PSYoungGen      total 28672K, used 8401K [0x00000007eab00000, 0x00000007ecf80000, 0x0000000800000000)
  eden space 19968K, 0% used [0x00000007eab00000,0x00000007eab00000,0x00000007ebe80000)
  from space 8704K, 96% used [0x00000007ebe80000,0x00000007ec6b4648,0x00000007ec700000)
  to   space 8704K, 0% used [0x00000007ec700000,0x00000007ec700000,0x00000007ecf80000)
 ParOldGen       total 239616K, used 167399K [0x00000007c0000000, 0x00000007cea00000, 0x00000007eab00000)
  object space 239616K, 69% used [0x00000007c0000000,0x00000007ca379f78,0x00000007cea00000)
 Metaspace       used 93902K, committed 95040K, reserved 1179648K
  class space    used 10518K, committed 11008K, reserved 1048576K
}
Event: 13896.171 GC heap before
{Heap before GC invocations=3701 (full 79):
 PSYoungGen      total 28672K, used 28369K [0x00000007eab00000, 0x00000007ecf80000, 0x0000000800000000)
  eden space 19968K, 100% used [0x00000007eab00000,0x00000007ebe80000,0x00000007ebe80000)
  from space 8704K, 96% used [0x00000007ebe80000,0x00000007ec6b4648,0x00000007ec700000)
  to   space 8704K, 0% used [0x00000007ec700000,0x00000007ec700000,0x00000007ecf80000)
 ParOldGen       total 239616K, used 167399K [0x00000007c0000000, 0x00000007cea00000, 0x00000007eab00000)
  object space 239616K, 69% used [0x00000007c0000000,0x00000007ca379f78,0x00000007cea00000)
 Metaspace       used 93902K, committed 95040K, reserved 1179648K
  class space    used 10518K, committed 11008K, reserved 1048576K
}
Event: 13896.175 GC heap after
{Heap after GC invocations=3701 (full 79):
 PSYoungGen      total 27136K, used 7039K [0x00000007eab00000, 0x00000007ece00000, 0x0000000800000000)
  eden space 19968K, 0% used [0x00000007eab00000,0x00000007eab00000,0x00000007ebe80000)
  from space 7168K, 98% used [0x00000007ec700000,0x00000007ecddfca8,0x00000007ece00000)
  to   space 7680K, 0% used [0x00000007ebf00000,0x00000007ebf00000,0x00000007ec680000)
 ParOldGen       total 239616K, used 167399K [0x00000007c0000000, 0x00000007cea00000, 0x00000007eab00000)
  object space 239616K, 69% used [0x00000007c0000000,0x00000007ca379f78,0x00000007cea00000)
 Metaspace       used 93902K, committed 95040K, reserved 1179648K
  class space    used 10518K, committed 11008K, reserved 1048576K
}
Event: 13896.645 GC heap before
{Heap before GC invocations=3702 (full 79):
 PSYoungGen      total 27136K, used 27007K [0x00000007eab00000, 0x00000007ece00000, 0x0000000800000000)
  eden space 19968K, 100% used [0x00000007eab00000,0x00000007ebe80000,0x00000007ebe80000)
  from space 7168K, 98% used [0x00000007ec700000,0x00000007ecddfca8,0x00000007ece00000)
  to   space 7680K, 0% used [0x00000007ebf00000,0x00000007ebf00000,0x00000007ec680000)
 ParOldGen       total 239616K, used 167399K [0x00000007c0000000, 0x00000007cea00000, 0x00000007eab00000)
  object space 239616K, 69% used [0x00000007c0000000,0x00000007ca379f78,0x00000007cea00000)
 Metaspace       used 93902K, committed 95040K, reserved 1179648K
  class space    used 10518K, committed 11008K, reserved 1048576K
}
Event: 13896.649 GC heap after
{Heap after GC invocations=3702 (full 79):
 PSYoungGen      total 27136K, used 7039K [0x00000007eab00000, 0x00000007ecc80000, 0x0000000800000000)
  eden space 19968K, 0% used [0x00000007eab00000,0x00000007eab00000,0x00000007ebe80000)
  from space 7168K, 98% used [0x00000007ebf00000,0x00000007ec5dfca8,0x00000007ec600000)
  to   space 6656K, 0% used [0x00000007ec600000,0x00000007ec600000,0x00000007ecc80000)
 ParOldGen       total 239616K, used 167399K [0x00000007c0000000, 0x00000007cea00000, 0x00000007eab00000)
  object space 239616K, 69% used [0x00000007c0000000,0x00000007ca379f78,0x00000007cea00000)
 Metaspace       used 93902K, committed 95040K, reserved 1179648K
  class space    used 10518K, committed 11008K, reserved 1048576K
}
Event: 13897.033 GC heap before
{Heap before GC invocations=3703 (full 79):
 PSYoungGen      total 27136K, used 27007K [0x00000007eab00000, 0x00000007ecc80000, 0x0000000800000000)
  eden space 19968K, 100% used [0x00000007eab00000,0x00000007ebe80000,0x00000007ebe80000)
  from space 7168K, 98% used [0x00000007ebf00000,0x00000007ec5dfca8,0x00000007ec600000)
  to   space 6656K, 0% used [0x00000007ec600000,0x00000007ec600000,0x00000007ecc80000)
 ParOldGen       total 239616K, used 167399K [0x00000007c0000000, 0x00000007cea00000, 0x00000007eab00000)
  object space 239616K, 69% used [0x00000007c0000000,0x00000007ca379f78,0x00000007cea00000)
 Metaspace       used 93902K, committed 95040K, reserved 1179648K
  class space    used 10518K, committed 11008K, reserved 1048576K
}
Event: 13897.038 GC heap after
{Heap after GC invocations=3703 (full 79):
 PSYoungGen      total 26624K, used 6648K [0x00000007eab00000, 0x00000007ecc80000, 0x0000000800000000)
  eden space 19968K, 0% used [0x00000007eab00000,0x00000007eab00000,0x00000007ebe80000)
  from space 6656K, 99% used [0x00000007ec600000,0x00000007ecc7e028,0x00000007ecc80000)
  to   space 7168K, 0% used [0x00000007ebe80000,0x00000007ebe80000,0x00000007ec580000)
 ParOldGen       total 239616K, used 167784K [0x00000007c0000000, 0x00000007cea00000, 0x00000007eab00000)
  object space 239616K, 70% used [0x00000007c0000000,0x00000007ca3da068,0x00000007cea00000)
 Metaspace       used 93902K, committed 95040K, reserved 1179648K
  class space    used 10518K, committed 11008K, reserved 1048576K
}
Event: 13897.398 GC heap before
{Heap before GC invocations=3704 (full 79):
 PSYoungGen      total 26624K, used 26616K [0x00000007eab00000, 0x00000007ecc80000, 0x0000000800000000)
  eden space 19968K, 100% used [0x00000007eab00000,0x00000007ebe80000,0x00000007ebe80000)
  from space 6656K, 99% used [0x00000007ec600000,0x00000007ecc7e028,0x00000007ecc80000)
  to   space 7168K, 0% used [0x00000007ebe80000,0x00000007ebe80000,0x00000007ec580000)
 ParOldGen       total 239616K, used 167784K [0x00000007c0000000, 0x00000007cea00000, 0x00000007eab00000)
  object space 239616K, 70% used [0x00000007c0000000,0x00000007ca3da068,0x00000007cea00000)
 Metaspace       used 93902K, committed 95040K, reserved 1179648K
  class space    used 10518K, committed 11008K, reserved 1048576K
}
Event: 13897.402 GC heap after
{Heap after GC invocations=3704 (full 79):
 PSYoungGen      total 27136K, used 6674K [0x00000007eab00000, 0x00000007ecc80000, 0x0000000800000000)
  eden space 19968K, 0% used [0x00000007eab00000,0x00000007eab00000,0x00000007ebe80000)
  from space 7168K, 93% used [0x00000007ebe80000,0x00000007ec504808,0x00000007ec580000)
  to   space 7168K, 0% used [0x00000007ec580000,0x00000007ec580000,0x00000007ecc80000)
 ParOldGen       total 239616K, used 167800K [0x00000007c0000000, 0x00000007cea00000, 0x00000007eab00000)
  object space 239616K, 70% used [0x00000007c0000000,0x00000007ca3de068,0x00000007cea00000)
 Metaspace       used 93902K, committed 95040K, reserved 1179648K
  class space    used 10518K, committed 11008K, reserved 1048576K
}
Event: 13897.779 GC heap before
{Heap before GC invocations=3705 (full 79):
 PSYoungGen      total 27136K, used 26642K [0x00000007eab00000, 0x00000007ecc80000, 0x0000000800000000)
  eden space 19968K, 100% used [0x00000007eab00000,0x00000007ebe80000,0x00000007ebe80000)
  from space 7168K, 93% used [0x00000007ebe80000,0x00000007ec504808,0x00000007ec580000)
  to   space 7168K, 0% used [0x00000007ec580000,0x00000007ec580000,0x00000007ecc80000)
 ParOldGen       total 239616K, used 167800K [0x00000007c0000000, 0x00000007cea00000, 0x00000007eab00000)
  object space 239616K, 70% used [0x00000007c0000000,0x00000007ca3de068,0x00000007cea00000)
 Metaspace       used 93902K, committed 95040K, reserved 1179648K
  class space    used 10518K, committed 11008K, reserved 1048576K
}
Event: 13897.799 GC heap after
{Heap after GC invocations=3705 (full 79):
 PSYoungGen      total 27136K, used 6783K [0x00000007eab00000, 0x00000007ecc80000, 0x0000000800000000)
  eden space 19968K, 0% used [0x00000007eab00000,0x00000007eab00000,0x00000007ebe80000)
  from space 7168K, 94% used [0x00000007ec580000,0x00000007ecc1fca8,0x00000007ecc80000)
  to   space 7168K, 0% used [0x00000007ebe80000,0x00000007ebe80000,0x00000007ec580000)
 ParOldGen       total 239616K, used 167800K [0x00000007c0000000, 0x00000007cea00000, 0x00000007eab00000)
  object space 239616K, 70% used [0x00000007c0000000,0x00000007ca3de068,0x00000007cea00000)
 Metaspace       used 93902K, committed 95040K, reserved 1179648K
  class space    used 10518K, committed 11008K, reserved 1048576K
}
Event: 13898.212 GC heap before
{Heap before GC invocations=3706 (full 79):
 PSYoungGen      total 27136K, used 26751K [0x00000007eab00000, 0x00000007ecc80000, 0x0000000800000000)
  eden space 19968K, 100% used [0x00000007eab00000,0x00000007ebe80000,0x00000007ebe80000)
  from space 7168K, 94% used [0x00000007ec580000,0x00000007ecc1fca8,0x00000007ecc80000)
  to   space 7168K, 0% used [0x00000007ebe80000,0x00000007ebe80000,0x00000007ec580000)
 ParOldGen       total 239616K, used 167800K [0x00000007c0000000, 0x00000007cea00000, 0x00000007eab00000)
  object space 239616K, 70% used [0x00000007c0000000,0x00000007ca3de068,0x00000007cea00000)
 Metaspace       used 93902K, committed 95040K, reserved 1179648K
  class space    used 10518K, committed 11008K, reserved 1048576K
}
Event: 13898.216 GC heap after
{Heap after GC invocations=3706 (full 79):
 PSYoungGen      total 27136K, used 6927K [0x00000007eab00000, 0x00000007ecc80000, 0x0000000800000000)
  eden space 19968K, 0% used [0x00000007eab00000,0x00000007eab00000,0x00000007ebe80000)
  from space 7168K, 96% used [0x00000007ebe80000,0x00000007ec543cb8,0x00000007ec580000)
  to   space 7168K, 0% used [0x00000007ec580000,0x00000007ec580000,0x00000007ecc80000)
 ParOldGen       total 239616K, used 167800K [0x00000007c0000000, 0x00000007cea00000, 0x00000007eab00000)
  object space 239616K, 70% used [0x00000007c0000000,0x00000007ca3de068,0x00000007cea00000)
 Metaspace       used 93902K, committed 95040K, reserved 1179648K
  class space    used 10518K, committed 11008K, reserved 1048576K
}
Event: 13898.507 GC heap before
{Heap before GC invocations=3707 (full 79):
 PSYoungGen      total 27136K, used 26895K [0x00000007eab00000, 0x00000007ecc80000, 0x0000000800000000)
  eden space 19968K, 99% used [0x00000007eab00000,0x00000007ebe7fff8,0x00000007ebe80000)
  from space 7168K, 96% used [0x00000007ebe80000,0x00000007ec543cb8,0x00000007ec580000)
  to   space 7168K, 0% used [0x00000007ec580000,0x00000007ec580000,0x00000007ecc80000)
 ParOldGen       total 239616K, used 167800K [0x00000007c0000000, 0x00000007cea00000, 0x00000007eab00000)
  object space 239616K, 70% used [0x00000007c0000000,0x00000007ca3de068,0x00000007cea00000)
 Metaspace       used 93902K, committed 95040K, reserved 1179648K
  class space    used 10518K, committed 11008K, reserved 1048576K
}
Event: 13898.513 GC heap after
{Heap after GC invocations=3707 (full 79):
 PSYoungGen      total 27136K, used 6975K [0x00000007eab00000, 0x00000007ecc80000, 0x0000000800000000)
  eden space 19968K, 0% used [0x00000007eab00000,0x00000007eab00000,0x00000007ebe80000)
  from space 7168K, 97% used [0x00000007ec580000,0x00000007ecc4fca8,0x00000007ecc80000)
  to   space 7168K, 0% used [0x00000007ebe80000,0x00000007ebe80000,0x00000007ec580000)
 ParOldGen       total 239616K, used 167800K [0x00000007c0000000, 0x00000007cea00000, 0x00000007eab00000)
  object space 239616K, 70% used [0x00000007c0000000,0x00000007ca3de068,0x00000007cea00000)
 Metaspace       used 93902K, committed 95040K, reserved 1179648K
  class space    used 10518K, committed 11008K, reserved 1048576K
}
Event: 13898.885 GC heap before
{Heap before GC invocations=3708 (full 79):
 PSYoungGen      total 27136K, used 26943K [0x00000007eab00000, 0x00000007ecc80000, 0x0000000800000000)
  eden space 19968K, 100% used [0x00000007eab00000,0x00000007ebe80000,0x00000007ebe80000)
  from space 7168K, 97% used [0x00000007ec580000,0x00000007ecc4fca8,0x00000007ecc80000)
  to   space 7168K, 0% used [0x00000007ebe80000,0x00000007ebe80000,0x00000007ec580000)
 ParOldGen       total 239616K, used 167800K [0x00000007c0000000, 0x00000007cea00000, 0x00000007eab00000)
  object space 239616K, 70% used [0x00000007c0000000,0x00000007ca3de068,0x00000007cea00000)
 Metaspace       used 93902K, committed 95040K, reserved 1179648K
  class space    used 10518K, committed 11008K, reserved 1048576K
}

